c:\users\thinkpad\desktop\game_ninjagaiden\game_ninjagaiden\debug\vc140.pdb
c:\users\thinkpad\desktop\game_ninjagaiden\game_ninjagaiden\debug\vc140.idb
c:\users\thinkpad\desktop\game_ninjagaiden\game_ninjagaiden\debug\game.obj
c:\users\thinkpad\desktop\game_ninjagaiden\game_ninjagaiden\debug\camera.obj
c:\users\thinkpad\desktop\game_ninjagaiden\game_ninjagaiden\debug\define.obj
c:\users\thinkpad\desktop\game_ninjagaiden\game_ninjagaiden\debug\gamemain.obj
c:\users\thinkpad\desktop\game_ninjagaiden\game_ninjagaiden\debug\gameobject.obj
c:\users\thinkpad\desktop\game_ninjagaiden\game_ninjagaiden\debug\gametime.obj
c:\users\thinkpad\desktop\game_ninjagaiden\game_ninjagaiden\debug\map.obj
c:\users\thinkpad\desktop\game_ninjagaiden\game_ninjagaiden\debug\ninja.obj
c:\users\thinkpad\desktop\game_ninjagaiden\game_ninjagaiden\debug\scene.obj
c:\users\thinkpad\desktop\game_ninjagaiden\game_ninjagaiden\debug\scenegame.obj
c:\users\thinkpad\desktop\game_ninjagaiden\game_ninjagaiden\debug\scenemanager.obj
c:\users\thinkpad\desktop\game_ninjagaiden\game_ninjagaiden\debug\sprite.obj
c:\users\thinkpad\desktop\game_ninjagaiden\game_ninjagaiden\debug\texture.obj
c:\users\thinkpad\desktop\game_ninjagaiden\game_ninjagaiden\debug\texturemanager.obj
c:\users\thinkpad\desktop\game_ninjagaiden\game_ninjagaiden\debug\katana.obj
c:\users\thinkpad\desktop\game_ninjagaiden\game_ninjagaiden\debug\weapon.obj
c:\users\thinkpad\desktop\game_ninjagaiden\game_ninjagaiden\debug\brick.obj
c:\users\thinkpad\desktop\game_ninjagaiden\game_ninjagaiden\debug\grid.obj
c:\users\thinkpad\desktop\game_ninjagaiden\game_ninjagaiden\debug\debug.obj
c:\users\thinkpad\desktop\game_ninjagaiden\game_ninjagaiden\debug\objecthidden.obj
c:\users\thinkpad\desktop\game_ninjagaiden\debug\game_ninjagaiden.ilk
c:\users\thinkpad\desktop\game_ninjagaiden\debug\game_ninjagaiden.exe
c:\users\thinkpad\desktop\game_ninjagaiden\debug\game_ninjagaiden.pdb
c:\users\thinkpad\desktop\game_ninjagaiden\game_ninjagaiden\debug\scenegame.obj.enc
c:\users\thinkpad\desktop\game_ninjagaiden\game_ninjagaiden\debug\game_ninjagaiden.tlog\cl.command.1.tlog
c:\users\thinkpad\desktop\game_ninjagaiden\game_ninjagaiden\debug\game_ninjagaiden.tlog\cl.read.1.tlog
c:\users\thinkpad\desktop\game_ninjagaiden\game_ninjagaiden\debug\game_ninjagaiden.tlog\cl.write.1.tlog
c:\users\thinkpad\desktop\game_ninjagaiden\game_ninjagaiden\debug\game_ninjagaiden.tlog\link.command.1.tlog
c:\users\thinkpad\desktop\game_ninjagaiden\game_ninjagaiden\debug\game_ninjagaiden.tlog\link.read.1.tlog
c:\users\thinkpad\desktop\game_ninjagaiden\game_ninjagaiden\debug\game_ninjagaiden.tlog\link.write.1.tlog
